-------------------------------------------------------------------
         SDDP.jl (c) Oscar Dowson and contributors, 2017-23
-------------------------------------------------------------------
problem
  nodes           : 100
  state variables : 4
  scenarios       : 1.00000e+00
  existing cuts   : false
options
  solver          : serial mode
  risk measure    : SDDP.Expectation()
  sampling scheme : SDDP.InSampleMonteCarlo
subproblem structure
  VariableRef                             : [10, 10]
  VariableRef in MOI.LessThan{Float64}    : [1, 2]
  AffExpr in MOI.LessThan{Float64}        : [1, 1]
  VariableRef in MOI.GreaterThan{Float64} : [6, 6]
  AffExpr in MOI.EqualTo{Float64}         : [1, 1]
numerical stability report
  matrix range     [1e+00, 1e+00]
  objective range  [1e+00, 1e+00]
  bounds range     [5e-01, 5e-01]
  rhs range        [1e+01, 1e+01]
-------------------------------------------------------------------
 iteration    simulation      bound        time (s)     solves  pid
-------------------------------------------------------------------
         1   5.536881e+01  1.304809e+00  7.277461e+00       200   1
         2   6.085354e+01  3.328052e+01  8.120849e+00       400   1
         3   5.559530e+01  5.201922e+01  8.924605e+00       600   1
         4   5.513141e+01  5.498091e+01  9.862285e+00       800   1
         5   5.522071e+01  5.498091e+01  1.073643e+01      1000   1
         6   5.490579e+01  5.498091e+01  1.172469e+01      1200   1
-------------------------------------------------------------------
         SDDP.jl (c) Oscar Dowson and contributors, 2017-23
-------------------------------------------------------------------
problem
  nodes           : 100
  state variables : 4
  scenarios       : 1.00000e+00
  existing cuts   : false
options
  solver          : serial mode
  risk measure    : SDDP.Expectation()
  sampling scheme : SDDP.InSampleMonteCarlo
subproblem structure
  VariableRef                             : [10, 10]
  VariableRef in MOI.LessThan{Float64}    : [1, 2]
  AffExpr in MOI.LessThan{Float64}        : [1, 1]
  VariableRef in MOI.GreaterThan{Float64} : [6, 6]
  AffExpr in MOI.EqualTo{Float64}         : [1, 1]
numerical stability report
  matrix range     [1e+00, 1e+00]
  objective range  [1e+00, 1e+00]
  bounds range     [5e-01, 5e-01]
  rhs range        [1e+01, 1e+01]
-------------------------------------------------------------------
 iteration    simulation      bound        time (s)     solves  pid
-------------------------------------------------------------------
-------------------------------------------------------------------
         SDDP.jl (c) Oscar Dowson and contributors, 2017-23
-------------------------------------------------------------------
problem
  nodes           : 100
  state variables : 4
  scenarios       : 1.00000e+00
  existing cuts   : false
options
  solver          : serial mode
  risk measure    : SDDP.Expectation()
  sampling scheme : SDDP.InSampleMonteCarlo
subproblem structure
  VariableRef                             : [10, 10]
  VariableRef in MOI.LessThan{Float64}    : [1, 2]
  AffExpr in MOI.LessThan{Float64}        : [1, 1]
  VariableRef in MOI.GreaterThan{Float64} : [6, 6]
  AffExpr in MOI.EqualTo{Float64}         : [1, 1]
numerical stability report
  matrix range     [1e+00, 1e+00]
  objective range  [1e+00, 1e+00]
  bounds range     [5e-01, 5e-01]
  rhs range        [1e+01, 1e+01]
-------------------------------------------------------------------
 iteration    simulation      bound        time (s)     solves  pid
-------------------------------------------------------------------
         1   5.536881e+01  1.746093e+01  1.373524e+00       200   1
         2   6.247337e+01  3.441994e+01  2.152601e+00       400   1
         3   5.565791e+01  4.912289e+01  3.078836e+00       600   1
         4   5.521717e+01  5.502089e+01  4.049655e+00       800   1
         5   5.504045e+01  5.502089e+01  5.031888e+00      1000   1
         6   5.505114e+01  5.502089e+01  5.985312e+00      1200   1
         7   5.494723e+01  5.502177e+01  7.409249e+00      1400   1
         8   5.505663e+01  5.509668e+01  8.887211e+00      1600   1
         9   5.493122e+01  5.510155e+01  1.008565e+01      1800   1
        10   5.502407e+01  5.510155e+01  1.130497e+01      2000   1
-------------------------------------------------------------------
status         : iteration_limit
total time (s) : 1.130497e+01
total solves   : 2000
best bound     :  5.510155e+01
simulation ci  :  5.587680e+01 ± 1.443187e+00
numeric issues : 0
-------------------------------------------------------------------

