------------------------------------------------------------------------------
                      SDDP.jl (c) Oscar Dowson, 2017-21

Problem
  Nodes           : 100
  State variables : 4
  Scenarios       : 1.00000e+00
  Existing cuts   : false
  Subproblem structure                           : (min, max)
    Variables                                    : (10, 10)
    JuMP.VariableRef in MOI.GreaterThan{Float64} : (6, 6)
    JuMP.AffExpr in MOI.LessThan{Float64}        : (1, 1)
    JuMP.VariableRef in MOI.LessThan{Float64}    : (1, 2)
    JuMP.AffExpr in MOI.EqualTo{Float64}         : (1, 1)
Options
  Solver          : serial mode
  Risk measure    : SDDP.Expectation()
  Sampling scheme : SDDP.InSampleMonteCarlo

Numerical stability report
  Non-zero Matrix range     [1e+00, 1e+00]
  Non-zero Objective range  [1e+00, 4e+01]
  Non-zero Bounds range     [5e-01, 5e-01]
  Non-zero RHS range        [1e+01, 1e+01]
No problems detected

 Iteration    Simulation       Bound         Time (s)    Proc. ID   # Solves
------------------------------------------------------------------------------
                      SDDP.jl (c) Oscar Dowson, 2017-21

Problem
  Nodes           : 100
  State variables : 4
  Scenarios       : 1.00000e+00
  Existing cuts   : false
  Subproblem structure                           : (min, max)
    Variables                                    : (10, 10)
    JuMP.VariableRef in MOI.GreaterThan{Float64} : (6, 6)
    JuMP.AffExpr in MOI.LessThan{Float64}        : (1, 1)
    JuMP.VariableRef in MOI.LessThan{Float64}    : (1, 2)
    JuMP.AffExpr in MOI.EqualTo{Float64}         : (1, 1)
Options
  Solver          : serial mode
  Risk measure    : SDDP.Expectation()
  Sampling scheme : SDDP.InSampleMonteCarlo

Numerical stability report
  Non-zero Matrix range     [1e+00, 1e+00]
  Non-zero Objective range  [1e+00, 4e+01]
  Non-zero Bounds range     [5e-01, 5e-01]
  Non-zero RHS range        [1e+01, 1e+01]
No problems detected

 Iteration    Simulation       Bound         Time (s)    Proc. ID   # Solves
------------------------------------------------------------------------------
                      SDDP.jl (c) Oscar Dowson, 2017-21

Problem
  Nodes           : 100
  State variables : 4
  Scenarios       : 1.00000e+00
  Existing cuts   : false
  Subproblem structure                           : (min, max)
    Variables                                    : (10, 10)
    JuMP.VariableRef in MOI.GreaterThan{Float64} : (6, 6)
    JuMP.AffExpr in MOI.LessThan{Float64}        : (1, 1)
    JuMP.VariableRef in MOI.LessThan{Float64}    : (1, 2)
    JuMP.AffExpr in MOI.EqualTo{Float64}         : (1, 1)
Options
  Solver          : serial mode
  Risk measure    : SDDP.Expectation()
  Sampling scheme : SDDP.InSampleMonteCarlo

Numerical stability report
  Non-zero Matrix range     [1e+00, 1e+00]
  Non-zero Objective range  [1e+00, 4e+01]
  Non-zero Bounds range     [5e-01, 5e-01]
  Non-zero RHS range        [1e+01, 1e+01]
No problems detected

 Iteration    Simulation       Bound         Time (s)    Proc. ID   # Solves
------------------------------------------------------------------------------
                      SDDP.jl (c) Oscar Dowson, 2017-21

Problem
  Nodes           : 100
  State variables : 4
  Scenarios       : 1.00000e+00
  Existing cuts   : false
  Subproblem structure                           : (min, max)
    Variables                                    : (10, 10)
    JuMP.VariableRef in MOI.GreaterThan{Float64} : (6, 6)
    JuMP.AffExpr in MOI.LessThan{Float64}        : (1, 1)
    JuMP.VariableRef in MOI.LessThan{Float64}    : (1, 2)
    JuMP.AffExpr in MOI.EqualTo{Float64}         : (1, 1)
Options
  Solver          : serial mode
  Risk measure    : SDDP.Expectation()
  Sampling scheme : SDDP.InSampleMonteCarlo

Numerical stability report
  Non-zero Matrix range     [1e+00, 1e+00]
  Non-zero Objective range  [1e+00, 4e+01]
  Non-zero Bounds range     [5e-01, 5e-01]
  Non-zero RHS range        [1e+01, 1e+01]
No problems detected

 Iteration    Simulation       Bound         Time (s)    Proc. ID   # Solves
------------------------------------------------------------------------------
                      SDDP.jl (c) Oscar Dowson, 2017-21

Problem
  Nodes           : 100
  State variables : 4
  Scenarios       : 1.00000e+00
  Existing cuts   : false
  Subproblem structure                           : (min, max)
    Variables                                    : (10, 10)
    JuMP.VariableRef in MOI.GreaterThan{Float64} : (6, 6)
    JuMP.AffExpr in MOI.LessThan{Float64}        : (1, 1)
    JuMP.VariableRef in MOI.LessThan{Float64}    : (1, 2)
    JuMP.AffExpr in MOI.EqualTo{Float64}         : (1, 1)
Options
  Solver          : serial mode
  Risk measure    : SDDP.Expectation()
  Sampling scheme : SDDP.InSampleMonteCarlo

Numerical stability report
  Non-zero Matrix range     [1e+00, 1e+00]
  Non-zero Objective range  [1e+00, 4e+01]
  Non-zero Bounds range     [5e-01, 5e-01]
  Non-zero RHS range        [1e+01, 1e+01]
No problems detected

 Iteration    Simulation       Bound         Time (s)    Proc. ID   # Solves
        1    2.897411e+03   2.897409e+03   8.194709e-01          1        200
        2    2.897411e+03   2.897409e+03   1.703254e+00          1        400
        3    2.897411e+03   2.897409e+03   2.586747e+00          1        600
        4    2.897411e+03   2.897409e+03   3.467102e+00          1        800
        5    2.897411e+03   2.897409e+03   4.348803e+00          1       1000
        6    2.897411e+03   2.897409e+03   5.226218e+00          1       1200
        7    2.897411e+03   2.897409e+03   6.091468e+00          1       1400
        8    2.897411e+03   2.897409e+03   6.938409e+00          1       1600
        9    2.897411e+03   2.897409e+03   7.773034e+00          1       1800
       10    2.897411e+03   2.897409e+03   8.599907e+00          1       2000
       11    2.897411e+03   2.897409e+03   9.423607e+00          1       2200
       12    2.897411e+03   2.897409e+03   1.068410e+01          1       2400
       13    2.897411e+03   2.897409e+03   1.156619e+01          1       2600
       14    2.897411e+03   2.897409e+03   1.245485e+01          1       2800
       15    2.897411e+03   2.897409e+03   1.333690e+01          1       3000
       16    2.897411e+03   2.897409e+03   1.421676e+01          1       3200
       17    2.897411e+03   2.897409e+03   1.509825e+01          1       3400
       18    2.897411e+03   2.897409e+03   1.597554e+01          1       3600
       19    2.897411e+03   2.897409e+03   1.683564e+01          1       3800
       20    2.897411e+03   2.897409e+03   1.767872e+01          1       4000
       21    2.897411e+03   2.897409e+03   1.850900e+01          1       4200
       22    2.897411e+03   2.897409e+03   1.932916e+01          1       4400
       23    2.897411e+03   2.897409e+03   2.057549e+01          1       4600
       24    2.897411e+03   2.897409e+03   2.144544e+01          1       4800
       25    2.897411e+03   2.897409e+03   2.229921e+01          1       5000
       26    2.897411e+03   2.897409e+03   2.315815e+01          1       5200
       27    2.897411e+03   2.897409e+03   2.402121e+01          1       5400
       28    2.897411e+03   2.897409e+03   2.488419e+01          1       5600
       29    2.897411e+03   2.897409e+03   2.575154e+01          1       5800
       30    2.897411e+03   2.897409e+03   2.661957e+01          1       6000
       31    2.897411e+03   2.897409e+03   2.747348e+01          1       6200
       32    2.897411e+03   2.897409e+03   2.831110e+01          1       6400
       33    2.897411e+03   2.897409e+03   2.914736e+01          1       6600
       34    2.897411e+03   2.897409e+03   2.999017e+01          1       6800
       35    2.897411e+03   2.897409e+03   3.127122e+01          1       7000
       36    2.897411e+03   2.897409e+03   3.216139e+01          1       7200
       37    2.897411e+03   2.897409e+03   3.304863e+01          1       7400
       38    2.897411e+03   2.897409e+03   3.393051e+01          1       7600
       39    2.897411e+03   2.897409e+03   3.481471e+01          1       7800
       40    2.897411e+03   2.897409e+03   3.569469e+01          1       8000
       41    2.897411e+03   2.897409e+03   3.657230e+01          1       8200
       42    2.897411e+03   2.897409e+03   3.744776e+01          1       8400
       43    2.897411e+03   2.897409e+03   3.832601e+01          1       8600
       44    2.897411e+03   2.897409e+03   3.918520e+01          1       8800
       45    2.897411e+03   2.897409e+03   4.003159e+01          1       9000
       46    2.897411e+03   2.897409e+03   4.086637e+01          1       9200
       47    2.897411e+03   2.897409e+03   4.212832e+01          1       9400
       48    2.897411e+03   2.897409e+03   4.300518e+01          1       9600
       49    2.897411e+03   2.897409e+03   4.387303e+01          1       9800
       50    2.897411e+03   2.897409e+03   4.474002e+01          1      10000
       51    2.897411e+03   2.897409e+03   4.561628e+01          1      10200
       52    2.897411e+03   2.897409e+03   4.648704e+01          1      10400
       53    2.897411e+03   2.897409e+03   4.735280e+01          1      10600
       54    2.897411e+03   2.897409e+03   4.821485e+01          1      10800
       55    2.897411e+03   2.897409e+03   4.908538e+01          1      11000
       56    2.897411e+03   2.897409e+03   4.994738e+01          1      11200
       57    2.897411e+03   2.897409e+03   5.079795e+01          1      11400
       58    2.897411e+03   2.897409e+03   5.164374e+01          1      11600
       59    2.897411e+03   2.897409e+03   5.291231e+01          1      11800
       60    2.897411e+03   2.897409e+03   5.378718e+01          1      12000
       61    2.897411e+03   2.897409e+03   5.465367e+01          1      12200
       62    2.897411e+03   2.897409e+03   5.552097e+01          1      12400
       63    2.897411e+03   2.897409e+03   5.639663e+01          1      12600
       64    2.897411e+03   2.897409e+03   5.725841e+01          1      12800
       65    2.897411e+03   2.897409e+03   5.811986e+01          1      13000
       66    2.897411e+03   2.897409e+03   5.898460e+01          1      13200
       67    2.897411e+03   2.897409e+03   5.985261e+01          1      13400
       68    2.897411e+03   2.897409e+03   6.070795e+01          1      13600
       69    2.897411e+03   2.897409e+03   6.155854e+01          1      13800
       70    2.897411e+03   2.897409e+03   6.240237e+01          1      14000
       71    2.897411e+03   2.897409e+03   6.366727e+01          1      14200
       72    2.897411e+03   2.897409e+03   6.454937e+01          1      14400
       73    2.897411e+03   2.897409e+03   6.543287e+01          1      14600
       74    2.897411e+03   2.897409e+03   6.631481e+01          1      14800
       75    2.897411e+03   2.897409e+03   6.722557e+01          1      15000
       76    2.897411e+03   2.897409e+03   6.812100e+01          1      15200
       77    2.897411e+03   2.897409e+03   6.899871e+01          1      15400
       78    2.897411e+03   2.897409e+03   6.988193e+01          1      15600
       79    2.897411e+03   2.897409e+03   7.075682e+01          1      15800
       80    2.897411e+03   2.897409e+03   7.162959e+01          1      16000
       81    2.897411e+03   2.897409e+03   7.248756e+01          1      16200
       82    2.897411e+03   2.897409e+03   7.333853e+01          1      16400
       83    2.897411e+03   2.897409e+03   7.463003e+01          1      16600
       84    2.897411e+03   2.897409e+03   7.550575e+01          1      16800
       85    2.897411e+03   2.897409e+03   7.636261e+01          1      17000
       86    2.897411e+03   2.897409e+03   7.721669e+01          1      17200
       87    2.897411e+03   2.897409e+03   7.808113e+01          1      17400
       88    2.897411e+03   2.897409e+03   7.893219e+01          1      17600
       89    2.897411e+03   2.897409e+03   7.978309e+01          1      17800
       90    2.897411e+03   2.897409e+03   8.064057e+01          1      18000
       91    2.897411e+03   2.897409e+03   8.149784e+01          1      18200
       92    2.897411e+03   2.897409e+03   8.234655e+01          1      18400
       93    2.897411e+03   2.897409e+03   8.318699e+01          1      18600
       94    2.897411e+03   2.897409e+03   8.402762e+01          1      18800
       95    2.897411e+03   2.897409e+03   8.530371e+01          1      19000
       96    2.897411e+03   2.897409e+03   8.618788e+01          1      19200
       97    2.897411e+03   2.897409e+03   8.705901e+01          1      19400
       98    2.897411e+03   2.897409e+03   8.792865e+01          1      19600
       99    2.897411e+03   2.897409e+03   8.880500e+01          1      19800
      100    2.897411e+03   2.897409e+03   8.966779e+01          1      20000

Terminating training
  Status         : iteration_limit
  Total time (s) : 8.966779e+01
  Total solves   : 20000
  Best bound     :  2.897409e+03
  Simulation CI  :  2.897411e+03 ± 8.335862e-09
------------------------------------------------------------------------------
